\BOOKMARK [0][-]{chapter.1}{\376\377\000W\000h\000a\000t\000\040\000d\000o\000e\000s\000\040\040\034\000d\000o\000u\000b\000l\000y\000\040\000r\000o\000b\000u\000s\000t\040\035\000\040\000m\000e\000a\000n\000?}{}% 1
\BOOKMARK [1][-]{section.1.1}{Origins\040of\040Doubly\040Robust\040Methods}{chapter.1}% 2
\BOOKMARK [1][-]{section.1.2}{Assumptions}{chapter.1}% 3
\BOOKMARK [1][-]{section.1.3}{A\040simple\040demonstration}{chapter.1}% 4
\BOOKMARK [2][-]{subsection.1.3.1}{References}{section.1.3}% 5
\BOOKMARK [0][-]{chapter.2}{Doubly\040Robust\040Methods}{}% 6
\BOOKMARK [1][-]{section.2.1}{AIPW}{chapter.2}% 7
\BOOKMARK [2][-]{subsection.2.1.1}{Background}{section.2.1}% 8
\BOOKMARK [2][-]{subsection.2.1.2}{Dataset}{section.2.1}% 9
\BOOKMARK [2][-]{subsection.2.1.3}{Understanding\040the\040data\040and\040potential\040bias}{section.2.1}% 10
\BOOKMARK [2][-]{subsection.2.1.4}{Method\040Implementations}{section.2.1}% 11
\BOOKMARK [2][-]{subsection.2.1.5}{Experiments\040and\040Results}{section.2.1}% 12
\BOOKMARK [2][-]{subsection.2.1.6}{Concluding\040Thoughts\040for\040AIPE}{section.2.1}% 13
\BOOKMARK [1][-]{section.2.2}{TMLE}{chapter.2}% 14
\BOOKMARK [2][-]{subsection.2.2.1}{Background\040and\040Setup}{section.2.2}% 15
\BOOKMARK [2][-]{subsection.2.2.2}{References}{section.2.2}% 16
\BOOKMARK [0][-]{chapter.3}{FWL\040Theorem\040and\040Double\040Machine\040Learning}{}% 17
\BOOKMARK [1][-]{section.3.1}{FWL\040Theorem/Orthogonalization}{chapter.3}% 18
\BOOKMARK [2][-]{subsection.3.1.1}{Orthogonalization:\040Example}{section.3.1}% 19
\BOOKMARK [1][-]{section.3.2}{Debiased/Double\040Machine\040Learning}{chapter.3}% 20
\BOOKMARK [2][-]{subsection.3.2.1}{DML:\040Example\040Implementation}{section.3.2}% 21
\BOOKMARK [2][-]{subsection.3.2.2}{Summary}{section.3.2}% 22
\BOOKMARK [2][-]{subsection.3.2.3}{References}{section.3.2}% 23
\BOOKMARK [0][-]{chapter.4}{Conclusion\040and\040New\040Directions}{}% 24
\BOOKMARK [1][-]{section.4.1}{Summary\040of\040Estimators}{chapter.4}% 25
\BOOKMARK [1][-]{section.4.2}{Doubly\040Robust\040Methods:\040Applications}{chapter.4}% 26
\BOOKMARK [1][-]{section.4.3}{Potential\040Future\040Works\040\(Tan\040et\040al.\040\(2022\)\)}{chapter.4}% 27
